-- The C compiler identification is GNU 13.3.0
-- The CXX compiler identification is GNU 13.3.0
-- Detecting C compiler ABI info
-- Detecting C compiler ABI info - done
-- Check for working C compiler: /usr/bin/cc - skipped
-- Detecting C compile features
-- Detecting C compile features - done
-- Detecting CXX compiler ABI info
-- Detecting CXX compiler ABI info - done
-- Check for working CXX compiler: /usr/bin/c++ - skipped
-- Detecting CXX compile features
-- Detecting CXX compile features - done
-- Found ament_cmake: 2.5.4 (/opt/ros/jazzy/share/ament_cmake/cmake)
-- Found Python3: /usr/bin/python3 (found version "3.12.3") found components: Interpreter 
-- Found ament_lint_auto: 0.17.3 (/opt/ros/jazzy/share/ament_lint_auto/cmake)
WARNING: Package name "SensorFusionEKF" does not follow the naming conventions. It should start with a lower case letter and only contain lower case letters, digits, underscores, and dashes.
-- Added test 'lint_cmake' to check CMake code style
-- Added test 'xmllint' to check XML markup files
-- Configuring done (1.1s)
-- Generating done (0.0s)
-- Build files have been written to: /home/akhil/EKF suit/build/SensorFusionEKF
-- Install configuration: ""
-- Installing: /home/akhil/EKF suit/install/SensorFusionEKF/share/ament_index/resource_index/package_run_dependencies/SensorFusionEKF
-- Installing: /home/akhil/EKF suit/install/SensorFusionEKF/share/ament_index/resource_index/parent_prefix_path/SensorFusionEKF
-- Installing: /home/akhil/EKF suit/install/SensorFusionEKF/share/SensorFusionEKF/environment/ament_prefix_path.sh
-- Installing: /home/akhil/EKF suit/install/SensorFusionEKF/share/SensorFusionEKF/environment/ament_prefix_path.dsv
-- Installing: /home/akhil/EKF suit/install/SensorFusionEKF/share/SensorFusionEKF/environment/path.sh
-- Installing: /home/akhil/EKF suit/install/SensorFusionEKF/share/SensorFusionEKF/environment/path.dsv
-- Installing: /home/akhil/EKF suit/install/SensorFusionEKF/share/SensorFusionEKF/local_setup.bash
-- Installing: /home/akhil/EKF suit/install/SensorFusionEKF/share/SensorFusionEKF/local_setup.sh
-- Installing: /home/akhil/EKF suit/install/SensorFusionEKF/share/SensorFusionEKF/local_setup.zsh
-- Installing: /home/akhil/EKF suit/install/SensorFusionEKF/share/SensorFusionEKF/local_setup.dsv
-- Installing: /home/akhil/EKF suit/install/SensorFusionEKF/share/SensorFusionEKF/package.dsv
-- Installing: /home/akhil/EKF suit/install/SensorFusionEKF/share/ament_index/resource_index/packages/SensorFusionEKF
-- Installing: /home/akhil/EKF suit/install/SensorFusionEKF/share/SensorFusionEKF/cmake/SensorFusionEKFConfig.cmake
-- Installing: /home/akhil/EKF suit/install/SensorFusionEKF/share/SensorFusionEKF/cmake/SensorFusionEKFConfig-version.cmake
-- Installing: /home/akhil/EKF suit/install/SensorFusionEKF/share/SensorFusionEKF/package.xml
