[0.020s] Invoking command in '/home/akhil/EKF suit/build/SensorFusionEKF': CMAKE_PREFIX_PATH=${CMAKE_PREFIX_PATH}:/home/akhil/turtlebot3_ws/install/turtlebot3_teleop:/home/akhil/turtlebot3_ws/install/turtlebot3_example:/opt/ros/jazzy DEBUGINFOD_URLS=https://debuginfod.ubuntu.com /usr/bin/cmake /home/akhil/EKF suit/src/SensorFusionEKF -DCMAKE_INSTALL_PREFIX=/home/akhil/EKF suit/install/SensorFusionEKF
[0.145s] -- The C compiler identification is GNU 13.3.0
[0.245s] -- The CXX compiler identification is GNU 13.3.0
[0.265s] -- Detecting C compiler ABI info
[0.376s] -- Detecting C compiler ABI info - done
[0.387s] -- Check for working C compiler: /usr/bin/cc - skipped
[0.388s] -- Detecting C compile features
[0.388s] -- Detecting C compile features - done
[0.400s] -- Detecting CXX compiler ABI info
[0.516s] -- Detecting CXX compiler ABI info - done
[0.528s] -- Check for working CXX compiler: /usr/bin/c++ - skipped
[0.528s] -- Detecting CXX compile features
[0.529s] -- Detecting CXX compile features - done
[0.551s] -- Found ament_cmake: 2.5.4 (/opt/ros/jazzy/share/ament_cmake/cmake)
[0.772s] -- Found Python3: /usr/bin/python3 (found version "3.12.3") found components: Interpreter 
[0.969s] -- Found ament_lint_auto: 0.17.3 (/opt/ros/jazzy/share/ament_lint_auto/cmake)
[1.054s] WARNING: Package name "SensorFusionEKF" does not follow the naming conventions. It should start with a lower case letter and only contain lower case letters, digits, underscores, and dashes.
[1.155s] -- Added test 'lint_cmake' to check CMake code style
[1.157s] -- Added test 'xmllint' to check XML markup files
[1.161s] -- Configuring done (1.1s)
[1.164s] -- Generating done (0.0s)
[1.166s] -- Build files have been written to: /home/akhil/EKF suit/build/SensorFusionEKF
[1.171s] Invoked command in '/home/akhil/EKF suit/build/SensorFusionEKF' returned '0': CMAKE_PREFIX_PATH=${CMAKE_PREFIX_PATH}:/home/akhil/turtlebot3_ws/install/turtlebot3_teleop:/home/akhil/turtlebot3_ws/install/turtlebot3_example:/opt/ros/jazzy DEBUGINFOD_URLS=https://debuginfod.ubuntu.com /usr/bin/cmake /home/akhil/EKF suit/src/SensorFusionEKF -DCMAKE_INSTALL_PREFIX=/home/akhil/EKF suit/install/SensorFusionEKF
[1.173s] Invoking command in '/home/akhil/EKF suit/build/SensorFusionEKF': CMAKE_PREFIX_PATH=${CMAKE_PREFIX_PATH}:/home/akhil/turtlebot3_ws/install/turtlebot3_teleop:/home/akhil/turtlebot3_ws/install/turtlebot3_example:/opt/ros/jazzy DEBUGINFOD_URLS=https://debuginfod.ubuntu.com /usr/bin/cmake --build /home/akhil/EKF suit/build/SensorFusionEKF -- -j8 -l8
[1.219s] Invoked command in '/home/akhil/EKF suit/build/SensorFusionEKF' returned '0': CMAKE_PREFIX_PATH=${CMAKE_PREFIX_PATH}:/home/akhil/turtlebot3_ws/install/turtlebot3_teleop:/home/akhil/turtlebot3_ws/install/turtlebot3_example:/opt/ros/jazzy DEBUGINFOD_URLS=https://debuginfod.ubuntu.com /usr/bin/cmake --build /home/akhil/EKF suit/build/SensorFusionEKF -- -j8 -l8
[1.230s] Invoking command in '/home/akhil/EKF suit/build/SensorFusionEKF': CMAKE_PREFIX_PATH=${CMAKE_PREFIX_PATH}:/home/akhil/turtlebot3_ws/install/turtlebot3_teleop:/home/akhil/turtlebot3_ws/install/turtlebot3_example:/opt/ros/jazzy DEBUGINFOD_URLS=https://debuginfod.ubuntu.com /usr/bin/cmake --install /home/akhil/EKF suit/build/SensorFusionEKF
[1.238s] -- Install configuration: ""
[1.238s] -- Installing: /home/akhil/EKF suit/install/SensorFusionEKF/share/ament_index/resource_index/package_run_dependencies/SensorFusionEKF
[1.239s] -- Installing: /home/akhil/EKF suit/install/SensorFusionEKF/share/ament_index/resource_index/parent_prefix_path/SensorFusionEKF
[1.239s] -- Installing: /home/akhil/EKF suit/install/SensorFusionEKF/share/SensorFusionEKF/environment/ament_prefix_path.sh
[1.239s] -- Installing: /home/akhil/EKF suit/install/SensorFusionEKF/share/SensorFusionEKF/environment/ament_prefix_path.dsv
[1.239s] -- Installing: /home/akhil/EKF suit/install/SensorFusionEKF/share/SensorFusionEKF/environment/path.sh
[1.239s] -- Installing: /home/akhil/EKF suit/install/SensorFusionEKF/share/SensorFusionEKF/environment/path.dsv
[1.239s] -- Installing: /home/akhil/EKF suit/install/SensorFusionEKF/share/SensorFusionEKF/local_setup.bash
[1.239s] -- Installing: /home/akhil/EKF suit/install/SensorFusionEKF/share/SensorFusionEKF/local_setup.sh
[1.240s] -- Installing: /home/akhil/EKF suit/install/SensorFusionEKF/share/SensorFusionEKF/local_setup.zsh
[1.240s] -- Installing: /home/akhil/EKF suit/install/SensorFusionEKF/share/SensorFusionEKF/local_setup.dsv
[1.240s] -- Installing: /home/akhil/EKF suit/install/SensorFusionEKF/share/SensorFusionEKF/package.dsv
[1.240s] -- Installing: /home/akhil/EKF suit/install/SensorFusionEKF/share/ament_index/resource_index/packages/SensorFusionEKF
[1.240s] -- Installing: /home/akhil/EKF suit/install/SensorFusionEKF/share/SensorFusionEKF/cmake/SensorFusionEKFConfig.cmake
[1.240s] -- Installing: /home/akhil/EKF suit/install/SensorFusionEKF/share/SensorFusionEKF/cmake/SensorFusionEKFConfig-version.cmake
[1.240s] -- Installing: /home/akhil/EKF suit/install/SensorFusionEKF/share/SensorFusionEKF/package.xml
[1.242s] Invoked command in '/home/akhil/EKF suit/build/SensorFusionEKF' returned '0': CMAKE_PREFIX_PATH=${CMAKE_PREFIX_PATH}:/home/akhil/turtlebot3_ws/install/turtlebot3_teleop:/home/akhil/turtlebot3_ws/install/turtlebot3_example:/opt/ros/jazzy DEBUGINFOD_URLS=https://debuginfod.ubuntu.com /usr/bin/cmake --install /home/akhil/EKF suit/build/SensorFusionEKF
