[0.267s] DEBUG:colcon:Command line arguments: ['/usr/bin/colcon', 'build']
[0.267s] DEBUG:colcon:Parsed command line arguments: Namespace(log_base=None, log_level=None, verb_name='build', build_base='build', install_base='install', merge_install=False, symlink_install=False, test_result_base=None, continue_on_error=False, executor='parallel', parallel_workers=8, event_handlers=None, ignore_user_meta=False, metas=['./colcon.meta'], base_paths=['.'], packages_ignore=None, packages_ignore_regex=None, paths=None, packages_up_to=None, packages_up_to_regex=None, packages_above=None, packages_above_and_dependencies=None, packages_above_depth=None, packages_select_by_dep=None, packages_skip_by_dep=None, packages_skip_up_to=None, packages_select_build_failed=False, packages_skip_build_finished=False, packages_select_test_failures=False, packages_skip_test_passed=False, packages_select=None, packages_skip=None, packages_select_regex=None, packages_skip_regex=None, packages_start=None, packages_end=None, allow_overriding=[], cmake_args=None, cmake_target=None, cmake_target_skip_unavailable=False, cmake_clean_cache=False, cmake_clean_first=False, cmake_force_configure=False, ament_cmake_args=None, catkin_cmake_args=None, catkin_skip_building_tests=False, mixin_files=None, mixin=None, verb_parser=<colcon_mixin.mixin.mixin_argument.MixinArgumentDecorator object at 0x75346f7ccda0>, verb_extension=<colcon_core.verb.build.BuildVerb object at 0x75346f7cc860>, main=<bound method BuildVerb.main of <colcon_core.verb.build.BuildVerb object at 0x75346f7cc860>>, mixin_verb=('build',))
[0.331s] Level 1:colcon.colcon_core.package_discovery:discover_packages(colcon_meta) check parameters
[0.331s] Level 1:colcon.colcon_core.package_discovery:discover_packages(recursive) check parameters
[0.331s] Level 1:colcon.colcon_core.package_discovery:discover_packages(ignore) check parameters
[0.331s] Level 1:colcon.colcon_core.package_discovery:discover_packages(path) check parameters
[0.331s] Level 1:colcon.colcon_core.package_discovery:discover_packages(colcon_meta) discover
[0.331s] Level 1:colcon.colcon_core.package_discovery:discover_packages(recursive) discover
[0.331s] INFO:colcon.colcon_core.package_discovery:Crawling recursively for packages in '/home/akhil/EKF suit'
[0.331s] Level 1:colcon.colcon_core.package_identification:_identify(.) by extensions ['ignore', 'ignore_ament_install']
[0.331s] Level 1:colcon.colcon_core.package_identification:_identify(.) by extension 'ignore'
[0.331s] Level 1:colcon.colcon_core.package_identification:_identify(.) by extension 'ignore_ament_install'
[0.331s] Level 1:colcon.colcon_core.package_identification:_identify(.) by extensions ['colcon_pkg']
[0.332s] Level 1:colcon.colcon_core.package_identification:_identify(.) by extension 'colcon_pkg'
[0.332s] Level 1:colcon.colcon_core.package_identification:_identify(.) by extensions ['colcon_meta']
[0.332s] Level 1:colcon.colcon_core.package_identification:_identify(.) by extension 'colcon_meta'
[0.332s] Level 1:colcon.colcon_core.package_identification:_identify(.) by extensions ['ros']
[0.332s] Level 1:colcon.colcon_core.package_identification:_identify(.) by extension 'ros'
[0.362s] Level 1:colcon.colcon_core.package_identification:_identify(.) by extensions ['cmake', 'python']
[0.362s] Level 1:colcon.colcon_core.package_identification:_identify(.) by extension 'cmake'
[0.362s] Level 1:colcon.colcon_core.package_identification:_identify(.) by extension 'python'
[0.362s] Level 1:colcon.colcon_core.package_identification:_identify(.) by extensions ['python_setup_py']
[0.362s] Level 1:colcon.colcon_core.package_identification:_identify(.) by extension 'python_setup_py'
[0.362s] Level 1:colcon.colcon_core.package_identification:_identify(build) by extensions ['ignore', 'ignore_ament_install']
[0.362s] Level 1:colcon.colcon_core.package_identification:_identify(build) by extension 'ignore'
[0.362s] Level 1:colcon.colcon_core.package_identification:_identify(build) ignored
[0.362s] Level 1:colcon.colcon_core.package_identification:_identify(install) by extensions ['ignore', 'ignore_ament_install']
[0.362s] Level 1:colcon.colcon_core.package_identification:_identify(install) by extension 'ignore'
[0.362s] Level 1:colcon.colcon_core.package_identification:_identify(install) ignored
[0.362s] Level 1:colcon.colcon_core.package_identification:_identify(log) by extensions ['ignore', 'ignore_ament_install']
[0.363s] Level 1:colcon.colcon_core.package_identification:_identify(log) by extension 'ignore'
[0.363s] Level 1:colcon.colcon_core.package_identification:_identify(log) ignored
[0.363s] Level 1:colcon.colcon_core.package_identification:_identify(src) by extensions ['ignore', 'ignore_ament_install']
[0.363s] Level 1:colcon.colcon_core.package_identification:_identify(src) by extension 'ignore'
[0.363s] Level 1:colcon.colcon_core.package_identification:_identify(src) by extension 'ignore_ament_install'
[0.363s] Level 1:colcon.colcon_core.package_identification:_identify(src) by extensions ['colcon_pkg']
[0.363s] Level 1:colcon.colcon_core.package_identification:_identify(src) by extension 'colcon_pkg'
[0.363s] Level 1:colcon.colcon_core.package_identification:_identify(src) by extensions ['colcon_meta']
[0.363s] Level 1:colcon.colcon_core.package_identification:_identify(src) by extension 'colcon_meta'
[0.363s] Level 1:colcon.colcon_core.package_identification:_identify(src) by extensions ['ros']
[0.363s] Level 1:colcon.colcon_core.package_identification:_identify(src) by extension 'ros'
[0.363s] Level 1:colcon.colcon_core.package_identification:_identify(src) by extensions ['cmake', 'python']
[0.363s] Level 1:colcon.colcon_core.package_identification:_identify(src) by extension 'cmake'
[0.363s] Level 1:colcon.colcon_core.package_identification:_identify(src) by extension 'python'
[0.363s] Level 1:colcon.colcon_core.package_identification:_identify(src) by extensions ['python_setup_py']
[0.363s] Level 1:colcon.colcon_core.package_identification:_identify(src) by extension 'python_setup_py'
[0.364s] Level 1:colcon.colcon_core.package_identification:_identify(src/SensorFusionEKF) by extensions ['ignore', 'ignore_ament_install']
[0.364s] Level 1:colcon.colcon_core.package_identification:_identify(src/SensorFusionEKF) by extension 'ignore'
[0.364s] Level 1:colcon.colcon_core.package_identification:_identify(src/SensorFusionEKF) by extension 'ignore_ament_install'
[0.364s] Level 1:colcon.colcon_core.package_identification:_identify(src/SensorFusionEKF) by extensions ['colcon_pkg']
[0.364s] Level 1:colcon.colcon_core.package_identification:_identify(src/SensorFusionEKF) by extension 'colcon_pkg'
[0.364s] Level 1:colcon.colcon_core.package_identification:_identify(src/SensorFusionEKF) by extensions ['colcon_meta']
[0.364s] Level 1:colcon.colcon_core.package_identification:_identify(src/SensorFusionEKF) by extension 'colcon_meta'
[0.364s] Level 1:colcon.colcon_core.package_identification:_identify(src/SensorFusionEKF) by extensions ['ros']
[0.364s] Level 1:colcon.colcon_core.package_identification:_identify(src/SensorFusionEKF) by extension 'ros'
[0.368s] DEBUG:colcon.colcon_core.package_identification:Package 'src/SensorFusionEKF' with type 'ros.ament_cmake' and name 'SensorFusionEKF'
[0.368s] Level 1:colcon.colcon_core.package_discovery:discover_packages(recursive) using defaults
[0.368s] Level 1:colcon.colcon_core.package_discovery:discover_packages(ignore) discover
[0.368s] Level 1:colcon.colcon_core.package_discovery:discover_packages(ignore) using defaults
[0.368s] Level 1:colcon.colcon_core.package_discovery:discover_packages(path) discover
[0.368s] Level 1:colcon.colcon_core.package_discovery:discover_packages(path) using defaults
[0.396s] Level 1:colcon.colcon_core.package_discovery:discover_packages(prefix_path) check parameters
[0.396s] Level 1:colcon.colcon_core.package_discovery:discover_packages(prefix_path) discover
[0.410s] DEBUG:colcon.colcon_installed_package_information.package_discovery:Found 16 installed packages in /home/akhil/turtlebot3_ws/install
[0.411s] DEBUG:colcon.colcon_installed_package_information.package_discovery:Found 7 installed packages in /home/akhil/panda_arm/install
[0.414s] DEBUG:colcon.colcon_installed_package_information.package_discovery:Found 442 installed packages in /opt/ros/jazzy
[0.416s] Level 1:colcon.colcon_core.package_discovery:discover_packages(prefix_path) using defaults
[0.541s] Level 5:colcon.colcon_core.verb:set package 'SensorFusionEKF' build argument 'cmake_args' from command line to 'None'
[0.541s] Level 5:colcon.colcon_core.verb:set package 'SensorFusionEKF' build argument 'cmake_target' from command line to 'None'
[0.541s] Level 5:colcon.colcon_core.verb:set package 'SensorFusionEKF' build argument 'cmake_target_skip_unavailable' from command line to 'False'
[0.541s] Level 5:colcon.colcon_core.verb:set package 'SensorFusionEKF' build argument 'cmake_clean_cache' from command line to 'False'
[0.542s] Level 5:colcon.colcon_core.verb:set package 'SensorFusionEKF' build argument 'cmake_clean_first' from command line to 'False'
[0.542s] Level 5:colcon.colcon_core.verb:set package 'SensorFusionEKF' build argument 'cmake_force_configure' from command line to 'False'
[0.542s] Level 5:colcon.colcon_core.verb:set package 'SensorFusionEKF' build argument 'ament_cmake_args' from command line to 'None'
[0.542s] Level 5:colcon.colcon_core.verb:set package 'SensorFusionEKF' build argument 'catkin_cmake_args' from command line to 'None'
[0.542s] Level 5:colcon.colcon_core.verb:set package 'SensorFusionEKF' build argument 'catkin_skip_building_tests' from command line to 'False'
[0.542s] DEBUG:colcon.colcon_core.verb:Building package 'SensorFusionEKF' with the following arguments: {'ament_cmake_args': None, 'build_base': '/home/akhil/EKF suit/build/SensorFusionEKF', 'catkin_cmake_args': None, 'catkin_skip_building_tests': False, 'cmake_args': None, 'cmake_clean_cache': False, 'cmake_clean_first': False, 'cmake_force_configure': False, 'cmake_target': None, 'cmake_target_skip_unavailable': False, 'install_base': '/home/akhil/EKF suit/install/SensorFusionEKF', 'merge_install': False, 'path': '/home/akhil/EKF suit/src/SensorFusionEKF', 'symlink_install': False, 'test_result_base': None}
[0.542s] INFO:colcon.colcon_core.executor:Executing jobs using 'parallel' executor
[0.543s] DEBUG:colcon.colcon_parallel_executor.executor.parallel:run_until_complete
[0.543s] INFO:colcon.colcon_ros.task.ament_cmake.build:Building ROS package in '/home/akhil/EKF suit/src/SensorFusionEKF' with build type 'ament_cmake'
[0.543s] INFO:colcon.colcon_cmake.task.cmake.build:Building CMake package in '/home/akhil/EKF suit/src/SensorFusionEKF'
[0.551s] INFO:colcon.colcon_core.plugin_system:Skipping extension 'colcon_core.shell.bat': Not used on non-Windows systems
[0.551s] INFO:colcon.colcon_core.shell:Skip shell extension 'powershell' for command environment: Not usable outside of PowerShell
[0.551s] DEBUG:colcon.colcon_core.shell:Skip shell extension 'dsv' for command environment
[0.564s] DEBUG:colcon.colcon_core.event_handler.log_command:Invoking command in '/home/akhil/EKF suit/build/SensorFusionEKF': CMAKE_PREFIX_PATH=${CMAKE_PREFIX_PATH}:/home/akhil/turtlebot3_ws/install/turtlebot3_teleop:/home/akhil/turtlebot3_ws/install/turtlebot3_example:/opt/ros/jazzy DEBUGINFOD_URLS=https://debuginfod.ubuntu.com /usr/bin/cmake /home/akhil/EKF suit/src/SensorFusionEKF -DCMAKE_INSTALL_PREFIX=/home/akhil/EKF suit/install/SensorFusionEKF
[1.715s] DEBUG:colcon.colcon_core.event_handler.log_command:Invoked command in '/home/akhil/EKF suit/build/SensorFusionEKF' returned '0': CMAKE_PREFIX_PATH=${CMAKE_PREFIX_PATH}:/home/akhil/turtlebot3_ws/install/turtlebot3_teleop:/home/akhil/turtlebot3_ws/install/turtlebot3_example:/opt/ros/jazzy DEBUGINFOD_URLS=https://debuginfod.ubuntu.com /usr/bin/cmake /home/akhil/EKF suit/src/SensorFusionEKF -DCMAKE_INSTALL_PREFIX=/home/akhil/EKF suit/install/SensorFusionEKF
[1.716s] DEBUG:colcon.colcon_core.event_handler.log_command:Invoking command in '/home/akhil/EKF suit/build/SensorFusionEKF': CMAKE_PREFIX_PATH=${CMAKE_PREFIX_PATH}:/home/akhil/turtlebot3_ws/install/turtlebot3_teleop:/home/akhil/turtlebot3_ws/install/turtlebot3_example:/opt/ros/jazzy DEBUGINFOD_URLS=https://debuginfod.ubuntu.com /usr/bin/cmake --build /home/akhil/EKF suit/build/SensorFusionEKF -- -j8 -l8
[1.762s] DEBUG:colcon.colcon_core.event_handler.log_command:Invoked command in '/home/akhil/EKF suit/build/SensorFusionEKF' returned '0': CMAKE_PREFIX_PATH=${CMAKE_PREFIX_PATH}:/home/akhil/turtlebot3_ws/install/turtlebot3_teleop:/home/akhil/turtlebot3_ws/install/turtlebot3_example:/opt/ros/jazzy DEBUGINFOD_URLS=https://debuginfod.ubuntu.com /usr/bin/cmake --build /home/akhil/EKF suit/build/SensorFusionEKF -- -j8 -l8
[1.773s] DEBUG:colcon.colcon_core.event_handler.log_command:Invoking command in '/home/akhil/EKF suit/build/SensorFusionEKF': CMAKE_PREFIX_PATH=${CMAKE_PREFIX_PATH}:/home/akhil/turtlebot3_ws/install/turtlebot3_teleop:/home/akhil/turtlebot3_ws/install/turtlebot3_example:/opt/ros/jazzy DEBUGINFOD_URLS=https://debuginfod.ubuntu.com /usr/bin/cmake --install /home/akhil/EKF suit/build/SensorFusionEKF
[1.785s] Level 1:colcon.colcon_core.environment:create_environment_scripts_only(SensorFusionEKF)
[1.785s] DEBUG:colcon.colcon_core.event_handler.log_command:Invoked command in '/home/akhil/EKF suit/build/SensorFusionEKF' returned '0': CMAKE_PREFIX_PATH=${CMAKE_PREFIX_PATH}:/home/akhil/turtlebot3_ws/install/turtlebot3_teleop:/home/akhil/turtlebot3_ws/install/turtlebot3_example:/opt/ros/jazzy DEBUGINFOD_URLS=https://debuginfod.ubuntu.com /usr/bin/cmake --install /home/akhil/EKF suit/build/SensorFusionEKF
[1.791s] Level 1:colcon.colcon_core.environment:checking '/home/akhil/EKF suit/install/SensorFusionEKF' for CMake module files
[1.791s] Level 1:colcon.colcon_core.environment:checking '/home/akhil/EKF suit/install/SensorFusionEKF' for CMake config files
[1.792s] Level 1:colcon.colcon_core.shell:create_environment_hook('SensorFusionEKF', 'cmake_prefix_path')
[1.792s] INFO:colcon.colcon_core.shell:Creating environment hook '/home/akhil/EKF suit/install/SensorFusionEKF/share/SensorFusionEKF/hook/cmake_prefix_path.ps1'
[1.792s] INFO:colcon.colcon_core.shell:Creating environment descriptor '/home/akhil/EKF suit/install/SensorFusionEKF/share/SensorFusionEKF/hook/cmake_prefix_path.dsv'
[1.793s] INFO:colcon.colcon_core.shell:Creating environment hook '/home/akhil/EKF suit/install/SensorFusionEKF/share/SensorFusionEKF/hook/cmake_prefix_path.sh'
[1.793s] Level 1:colcon.colcon_core.environment:checking '/home/akhil/EKF suit/install/SensorFusionEKF/bin'
[1.794s] Level 1:colcon.colcon_core.environment:checking '/home/akhil/EKF suit/install/SensorFusionEKF/lib/pkgconfig/SensorFusionEKF.pc'
[1.794s] Level 1:colcon.colcon_core.environment:checking '/home/akhil/EKF suit/install/SensorFusionEKF/lib/python3.12/site-packages'
[1.794s] Level 1:colcon.colcon_core.environment:checking '/home/akhil/EKF suit/install/SensorFusionEKF/bin'
[1.794s] INFO:colcon.colcon_core.shell:Creating package script '/home/akhil/EKF suit/install/SensorFusionEKF/share/SensorFusionEKF/package.ps1'
[1.795s] INFO:colcon.colcon_core.shell:Creating package descriptor '/home/akhil/EKF suit/install/SensorFusionEKF/share/SensorFusionEKF/package.dsv'
[1.795s] INFO:colcon.colcon_core.shell:Creating package script '/home/akhil/EKF suit/install/SensorFusionEKF/share/SensorFusionEKF/package.sh'
[1.796s] INFO:colcon.colcon_core.shell:Creating package script '/home/akhil/EKF suit/install/SensorFusionEKF/share/SensorFusionEKF/package.bash'
[1.797s] INFO:colcon.colcon_core.shell:Creating package script '/home/akhil/EKF suit/install/SensorFusionEKF/share/SensorFusionEKF/package.zsh'
[1.797s] Level 1:colcon.colcon_core.environment:create_file_with_runtime_dependencies(/home/akhil/EKF suit/install/SensorFusionEKF/share/colcon-core/packages/SensorFusionEKF)
[1.798s] Level 1:colcon.colcon_core.environment:create_environment_scripts_only(SensorFusionEKF)
[1.798s] Level 1:colcon.colcon_core.environment:checking '/home/akhil/EKF suit/install/SensorFusionEKF' for CMake module files
[1.798s] Level 1:colcon.colcon_core.environment:checking '/home/akhil/EKF suit/install/SensorFusionEKF' for CMake config files
[1.798s] Level 1:colcon.colcon_core.shell:create_environment_hook('SensorFusionEKF', 'cmake_prefix_path')
[1.799s] INFO:colcon.colcon_core.shell:Creating environment hook '/home/akhil/EKF suit/install/SensorFusionEKF/share/SensorFusionEKF/hook/cmake_prefix_path.ps1'
[1.799s] INFO:colcon.colcon_core.shell:Creating environment descriptor '/home/akhil/EKF suit/install/SensorFusionEKF/share/SensorFusionEKF/hook/cmake_prefix_path.dsv'
[1.799s] INFO:colcon.colcon_core.shell:Creating environment hook '/home/akhil/EKF suit/install/SensorFusionEKF/share/SensorFusionEKF/hook/cmake_prefix_path.sh'
[1.800s] Level 1:colcon.colcon_core.environment:checking '/home/akhil/EKF suit/install/SensorFusionEKF/bin'
[1.800s] Level 1:colcon.colcon_core.environment:checking '/home/akhil/EKF suit/install/SensorFusionEKF/lib/pkgconfig/SensorFusionEKF.pc'
[1.800s] Level 1:colcon.colcon_core.environment:checking '/home/akhil/EKF suit/install/SensorFusionEKF/lib/python3.12/site-packages'
[1.800s] Level 1:colcon.colcon_core.environment:checking '/home/akhil/EKF suit/install/SensorFusionEKF/bin'
[1.800s] INFO:colcon.colcon_core.shell:Creating package script '/home/akhil/EKF suit/install/SensorFusionEKF/share/SensorFusionEKF/package.ps1'
[1.801s] INFO:colcon.colcon_core.shell:Creating package descriptor '/home/akhil/EKF suit/install/SensorFusionEKF/share/SensorFusionEKF/package.dsv'
[1.801s] INFO:colcon.colcon_core.shell:Creating package script '/home/akhil/EKF suit/install/SensorFusionEKF/share/SensorFusionEKF/package.sh'
[1.802s] INFO:colcon.colcon_core.shell:Creating package script '/home/akhil/EKF suit/install/SensorFusionEKF/share/SensorFusionEKF/package.bash'
[1.802s] INFO:colcon.colcon_core.shell:Creating package script '/home/akhil/EKF suit/install/SensorFusionEKF/share/SensorFusionEKF/package.zsh'
[1.802s] Level 1:colcon.colcon_core.environment:create_file_with_runtime_dependencies(/home/akhil/EKF suit/install/SensorFusionEKF/share/colcon-core/packages/SensorFusionEKF)
[1.802s] DEBUG:colcon.colcon_parallel_executor.executor.parallel:closing loop
[1.802s] DEBUG:colcon.colcon_parallel_executor.executor.parallel:loop closed
[1.802s] DEBUG:colcon.colcon_parallel_executor.executor.parallel:run_until_complete finished with '0'
[1.803s] DEBUG:colcon.colcon_core.event_reactor:joining thread
[1.814s] INFO:colcon.colcon_core.plugin_system:Skipping extension 'colcon_notification.desktop_notification.terminal_notifier': Not used on non-Darwin systems
[1.814s] INFO:colcon.colcon_core.plugin_system:Skipping extension 'colcon_notification.desktop_notification.win32': Not used on non-Windows systems
[1.814s] INFO:colcon.colcon_notification.desktop_notification:Sending desktop notification using 'notify2'
[1.913s] DEBUG:colcon.colcon_core.event_reactor:joined thread
[1.914s] INFO:colcon.colcon_core.shell:Creating prefix script '/home/akhil/EKF suit/install/local_setup.ps1'
[1.915s] INFO:colcon.colcon_core.shell:Creating prefix util module '/home/akhil/EKF suit/install/_local_setup_util_ps1.py'
[1.917s] INFO:colcon.colcon_core.shell:Creating prefix chain script '/home/akhil/EKF suit/install/setup.ps1'
[1.918s] INFO:colcon.colcon_core.shell:Creating prefix script '/home/akhil/EKF suit/install/local_setup.sh'
[1.919s] INFO:colcon.colcon_core.shell:Creating prefix util module '/home/akhil/EKF suit/install/_local_setup_util_sh.py'
[1.920s] INFO:colcon.colcon_core.shell:Creating prefix chain script '/home/akhil/EKF suit/install/setup.sh'
[1.921s] INFO:colcon.colcon_core.shell:Creating prefix script '/home/akhil/EKF suit/install/local_setup.bash'
[1.922s] INFO:colcon.colcon_core.shell:Creating prefix chain script '/home/akhil/EKF suit/install/setup.bash'
[1.924s] INFO:colcon.colcon_core.shell:Creating prefix script '/home/akhil/EKF suit/install/local_setup.zsh'
[1.925s] INFO:colcon.colcon_core.shell:Creating prefix chain script '/home/akhil/EKF suit/install/setup.zsh'
